<?xml version="1.0" encoding="UTF-8"?>
<!-- Generated by org.testng.reporters.JUnitReportReporter -->
<testsuite skipped="0" hostname="PCIN473980" name="ActualPackage.WebPageAutomation" tests="1" failures="0" timestamp="22 Mar 2021 10:57:15 GMT" time="164.585" errors="0">
  <testcase name="main" time="164.585" classname="ActualPackage.WebPageAutomation"/>
</testsuite> <!-- ActualPackage.WebPageAutomation -->
