<?xml version="1.0" encoding="UTF-8"?>
<!-- Generated by org.testng.reporters.JUnitReportReporter -->
<testsuite skipped="0" hostname="PCIN473980" name="com.TeamProject.HackathonProjectTeam.testProject" tests="1" failures="0" timestamp="18 Mar 2021 10:17:51 GMT" time="87.773" errors="0">
  <testcase name="hotelBookingPage" time="87.773" classname="com.TeamProject.HackathonProjectTeam.testProject"/>
</testsuite> <!-- com.TeamProject.HackathonProjectTeam.testProject -->
