<?xml version="1.0" encoding="UTF-8"?>
<!-- Generated by org.testng.reporters.JUnitReportReporter -->
<testsuite skipped="0" hostname="PCIN473980" name="HackathonProject.cabsResultPage" tests="1" failures="0" timestamp="18 Mar 2021 09:11:43 GMT" time="97.749" errors="0">
  <testcase name="test" time="97.749" classname="HackathonProject.cabsResultPage"/>
</testsuite> <!-- HackathonProject.cabsResultPage -->
