<?xml version="1.0" encoding="UTF-8"?>
<!-- Generated by org.testng.reporters.JUnitReportReporter -->
<testsuite skipped="0" hostname="PCIN473980" name="HackathonProject.webpageAutomation" tests="1" failures="0" timestamp="13 Mar 2021 06:36:20 GMT" time="12.148" errors="0">
  <testcase name="webpageFunction" time="12.148" classname="HackathonProject.webpageAutomation"/>
</testsuite> <!-- HackathonProject.webpageAutomation -->
