<?xml version="1.0" encoding="UTF-8"?>
<!-- Generated by org.testng.reporters.JUnitReportReporter -->
<testsuite skipped="0" hostname="PCIN473980" name="HackathonProject.combinedProjectCode" tests="4" failures="0" timestamp="19 Mar 2021 10:03:30 GMT" time="87.621" errors="0">
  <testcase name="cabsAutomation" time="27.657" classname="HackathonProject.combinedProjectCode"/>
  <testcase name="cabsSortPrice" time="11.745" classname="HackathonProject.combinedProjectCode"/>
  <testcase name="giftCardsPage" time="6.039" classname="HackathonProject.combinedProjectCode"/>
  <testcase name="automateHotels" time="42.180" classname="HackathonProject.combinedProjectCode"/>
</testsuite> <!-- HackathonProject.combinedProjectCode -->
