<?xml version="1.0" encoding="UTF-8"?>
<!-- Generated by org.testng.reporters.JUnitReportReporter -->
<testsuite skipped="0" hostname="PCIN473980" name="HackathonProject.MakemyTripAutomation" tests="1" failures="0" timestamp="19 Mar 2021 11:40:12 GMT" time="37.441" errors="0">
  <testcase name="cabsAutomation" time="37.441" classname="HackathonProject.MakemyTripAutomation"/>
</testsuite> <!-- HackathonProject.MakemyTripAutomation -->
