<?xml version="1.0" encoding="UTF-8"?>
<!-- Generated by org.testng.reporters.JUnitReportReporter -->
<testsuite skipped="0" hostname="PCIN473980" name="HackathonProject.HotelsAutomation" tests="2" failures="0" timestamp="19 Mar 2021 12:52:01 GMT" time="6.157" errors="0">
  <testcase name="readExcel" time="0.672" classname="HackathonProject.HotelsAutomation"/>
  <testcase name="automateHotels" time="5.485" classname="HackathonProject.HotelsAutomation"/>
</testsuite> <!-- HackathonProject.HotelsAutomation -->
